<?xml version="1.0" encoding="UTF-8"?>
<testsuite xmlns:xsi="http://www.w3.org/2001/XMLSchema-instance" xsi:noNamespaceSchemaLocation="https://maven.apache.org/surefire/maven-surefire-plugin/xsd/surefire-test-report-3.0.xsd" version="3.0" name="com.firefly.idp.cognito.adapter.CognitoIdpAdapterTest" time="0.575" tests="10" errors="0" skipped="0" failures="0">
  <properties>
[...]
</properties>
  <testcase name="testAssignRolesToUser_Success" classname="com.firefly.idp.cognito.adapter.CognitoIdpAdapterTest" time="0.539">
    <system-err><![CDATA[WARNING: A Java agent has been loaded dynamically (/Users/ancongui/.m2/repository/net/bytebuddy/byte-buddy-agent/1.14.11/byte-buddy-agent-1.14.11.jar)
WARNING: If a serviceability tool is in use, please run with -XX:+EnableDynamicAgentLoading to hide this warning
WARNING: If a serviceability tool is not in use, please run with -Djdk.instrument.traceUsage for more information
WARNING: Dynamic loading of agents will be disallowed by default in a future release
]]></system-err>
  </testcase>
  <testcase name="testDeleteUser_Success" classname="com.firefly.idp.cognito.adapter.CognitoIdpAdapterTest" time="0.002"/>
  <testcase name="testIntrospect_Active" classname="com.firefly.idp.cognito.adapter.CognitoIdpAdapterTest" time="0.01"/>
  <testcase name="testChangePassword_Success" classname="com.firefly.idp.cognito.adapter.CognitoIdpAdapterTest" time="0.002"/>
  <testcase name="testLogin_Success" classname="com.firefly.idp.cognito.adapter.CognitoIdpAdapterTest" time="0.001"/>
  <testcase name="testRefresh_Success" classname="com.firefly.idp.cognito.adapter.CognitoIdpAdapterTest" time="0.001"/>
  <testcase name="testGetUserInfo_Success" classname="com.firefly.idp.cognito.adapter.CognitoIdpAdapterTest" time="0.001"/>
  <testcase name="testGetRoles_Success" classname="com.firefly.idp.cognito.adapter.CognitoIdpAdapterTest" time="0.002"/>
  <testcase name="testCreateUser_Success" classname="com.firefly.idp.cognito.adapter.CognitoIdpAdapterTest" time="0.001"/>
  <testcase name="testLogout_Success" classname="com.firefly.idp.cognito.adapter.CognitoIdpAdapterTest" time="0.002"/>
</testsuite>